<?xml version="1.0" encoding="UTF-8"?>
<testsuite xmlns:xsi="http://www.w3.org/2001/XMLSchema-instance" xsi:noNamespaceSchemaLocation="https://maven.apache.org/surefire/maven-surefire-plugin/xsd/surefire-test-report.xsd" version="3.0.2" name="com.axis.bank.AxisBankBackendApplicationTests" time="15.732" tests="1" errors="0" skipped="0" failures="0">
  <properties>
[...]
</properties>
  <testcase name="contextLoads" classname="com.axis.bank.AxisBankBackendApplicationTests" time="0.758">
    <system-out><![CDATA[
  .   ____          _            __ _ _
 /\\ / ___'_ __ _ _(_)_ __  __ _ \ \ \ \
( ( )\___ | '_ | '_| | '_ \/ _` | \ \ \ \
 \\/  ___)| |_)| | | | | || (_| |  ) ) ) )
  '  |____| .__|_| |_|_| |_\__, | / / / /
 =========|_|==============|___/=/_/_/_/

 :: Spring Boot ::                (v3.5.5)

2025-09-21 21:46:07.263 {[traceId=], [operationId=]} [INFO] [background-preinit] o.h.validator.internal.util.Version - HV000001: Hibernate Validator 8.0.3.Final
2025-09-21 21:46:07.312 {[traceId=], [operationId=]} [INFO] [main] c.a.b.AxisBankBackendApplicationTests - Starting AxisBankBackendApplicationTests using Java 23.0.1 with PID 8548 (started by MANOJ in C:\Users\MANOJ\Desktop\Banking Application\Axis-Bank-Backend)
2025-09-21 21:46:07.314 {[traceId=], [operationId=]} [INFO] [main] c.a.b.AxisBankBackendApplicationTests - The following 1 profile is active: "dev"
2025-09-21 21:46:11.727 {[traceId=], [operationId=]} [INFO] [main] o.h.jpa.internal.util.LogHelper - HHH000204: Processing PersistenceUnitInfo [name: default]
2025-09-21 21:46:11.844 {[traceId=], [operationId=]} [INFO] [main] org.hibernate.Version - HHH000412: Hibernate ORM core version 6.6.26.Final
2025-09-21 21:46:11.923 {[traceId=], [operationId=]} [INFO] [main] o.h.c.i.RegionFactoryInitiator - HHH000026: Second-level cache disabled
2025-09-21 21:46:12.418 {[traceId=], [operationId=]} [WARN] [main] com.zaxxer.hikari.HikariConfig - axis-bank - idleTimeout is close to or more than maxLifetime, disabling it.
2025-09-21 21:46:12.418 {[traceId=], [operationId=]} [INFO] [main] com.zaxxer.hikari.HikariDataSource - axis-bank - Starting...
2025-09-21 21:46:12.858 {[traceId=], [operationId=]} [INFO] [main] com.zaxxer.hikari.pool.HikariPool - axis-bank - Added connection com.mysql.cj.jdbc.ConnectionImpl@4fd00e10
2025-09-21 21:46:12.861 {[traceId=], [operationId=]} [INFO] [main] com.zaxxer.hikari.HikariDataSource - axis-bank - Start completed.
2025-09-21 21:46:12.997 {[traceId=], [operationId=]} [INFO] [main] o.hibernate.orm.connections.pooling - HHH10001005: Database info:
	Database JDBC URL [Connecting through datasource 'HikariDataSource (axis-bank)']
	Database driver: undefined/unknown
	Database version: 8.0.40
	Autocommit mode: undefined/unknown
	Isolation level: undefined/unknown
	Minimum pool size: undefined/unknown
	Maximum pool size: undefined/unknown
2025-09-21 21:46:14.458 {[traceId=], [operationId=]} [INFO] [main] o.h.e.t.j.p.i.JtaPlatformInitiator - HHH000489: No JTA platform available (set 'hibernate.transaction.jta.platform' to enable JTA platform integration)
2025-09-21 21:46:14.632 {[traceId=], [operationId=]} [INFO] [main] c.a.bank.logging.PerformanceLogger - Method=RsaKeyLoader.loadPrivateKey(..) executed in 4 ms
2025-09-21 21:46:14.635 {[traceId=], [operationId=]} [INFO] [main] c.a.bank.logging.PerformanceLogger - Method=RsaKeyLoader.loadPublicKey(..) executed in 2 ms
2025-09-21 21:46:16.901 {[traceId=], [operationId=]} [INFO] [main] org.redisson.Version - Redisson 3.27.2
2025-09-21 21:46:17.471 {[traceId=], [operationId=]} [INFO] [redisson-netty-4-5] o.r.connection.ConnectionsHolder - 1 connections initialized for localhost/127.0.0.1:6379
2025-09-21 21:46:17.652 {[traceId=], [operationId=]} [INFO] [redisson-netty-4-20] o.r.connection.ConnectionsHolder - 24 connections initialized for localhost/127.0.0.1:6379
2025-09-21 21:46:17.702 {[traceId=], [operationId=]} [INFO] [main] c.a.bank.logging.PerformanceLogger - Method=RedissonConfig.redissonClient() executed in 1013 ms
2025-09-21 21:46:17.808 {[traceId=], [operationId=]} [INFO] [main] c.a.bank.logging.PerformanceLogger - Method=SecurityConfig.passwordEncoder() executed in 2 ms
2025-09-21 21:46:17.815 {[traceId=], [operationId=]} [INFO] [main] c.a.bank.logging.PerformanceLogger - Method=RedissonConfig.cacheManager(..) executed in 5 ms
2025-09-21 21:46:17.850 {[traceId=], [operationId=]} [INFO] [main] c.a.bank.logging.PerformanceLogger - Method=SecurityConfig.jwtAuthenticationFilter() executed in 1 ms
2025-09-21 21:46:17.866 {[traceId=], [operationId=]} [INFO] [main] c.a.bank.logging.PerformanceLogger - Method=SecurityConfig.jwtAuthFilterRegistration(..) executed in 2 ms
2025-09-21 21:46:17.939 {[traceId=], [operationId=]} [INFO] [main] c.a.bank.logging.PerformanceLogger - Method=SecurityConfig.authenticationManager(..) executed in 48 ms
2025-09-21 21:46:17.979 {[traceId=], [operationId=]} [WARN] [main] o.s.b.a.o.j.JpaBaseConfiguration$JpaWebConfiguration - spring.jpa.open-in-view is enabled by default. Therefore, database queries may be performed during view rendering. Explicitly configure spring.jpa.open-in-view to disable this warning
2025-09-21 21:46:19.028 {[traceId=], [operationId=]} [INFO] [main] c.a.bank.logging.PerformanceLogger - Method=SecurityConfig.filterChain(..) executed in 878 ms
2025-09-21 21:46:19.033 {[traceId=], [operationId=]} [INFO] [main] c.a.bank.logging.PerformanceLogger - Method=FilterConfig.loggingFilter() executed in 0 ms
2025-09-21 21:46:20.468 {[traceId=], [operationId=]} [INFO] [main] c.a.b.AxisBankBackendApplicationTests - Started AxisBankBackendApplicationTests in 13.636 seconds (process running for 15.908)
]]></system-out>
    <system-err><![CDATA[Mockito is currently self-attaching to enable the inline-mock-maker. This will no longer work in future releases of the JDK. Please add Mockito as an agent to your build as described in Mockito's documentation: https://javadoc.io/doc/org.mockito/mockito-core/latest/org.mockito/org/mockito/Mockito.html#0.3
WARNING: A Java agent has been loaded dynamically (C:\Users\MANOJ\.m2\repository\net\bytebuddy\byte-buddy-agent\1.17.7\byte-buddy-agent-1.17.7.jar)
WARNING: If a serviceability tool is in use, please run with -XX:+EnableDynamicAgentLoading to hide this warning
WARNING: If a serviceability tool is not in use, please run with -Djdk.instrument.traceUsage for more information
WARNING: Dynamic loading of agents will be disallowed by default in a future release
]]></system-err>
  </testcase>
</testsuite>